2025-03-31 21:45:33,620 - WARNING - fugue - Please note that you are missing the optional dependency: fugue. If you need to use this functionality it must be installed.
2025-03-31 21:45:34,443 - WARNING - sql - Please note that you are missing the optional dependency: spark. If you need to use this functionality it must be installed.
2025-03-31 21:45:34,445 - WARNING - snowflake - Please note that you are missing the optional dependency: snowflake. If you need to use this functionality it must be installed.
2025-03-31 21:45:34,933 - INFO - recon_main - ## Starting Recon Engine...! ##
2025-03-31 21:45:34,933 - INFO - config_loader - Loading configuration from resources/Recon_Driver_Config.xlsx...
2025-03-31 21:45:35,676 - INFO - config_loader - Successfully loaded 1 configuration rows.
2025-03-31 21:45:35,685 - INFO - recon_main - ## Starting reconciliation for Legacy_Store_File vs New_Store_DB ##
2025-03-31 21:45:35,709 - INFO - core - df1 does not Pandas.DataFrame.equals df2
2025-03-31 21:45:35,709 - INFO - core - Number of columns in common: 5
2025-03-31 21:45:35,710 - INFO - core - Number of columns in df1 and not in df2: 0
2025-03-31 21:45:35,710 - INFO - core - Number of columns in df2 and not in df1: 0
2025-03-31 21:45:35,758 - INFO - core - Number of rows in df1 and not in df2: 0
2025-03-31 21:45:35,758 - INFO - core - Number of rows in df2 and not in df1: 4
2025-03-31 21:45:35,759 - INFO - core - Number of rows in df1 and df2 (not necessarily equal): 896
2025-03-31 21:45:35,759 - INFO - core - store_id: 896 / 896 (100.00%) match
2025-03-31 21:45:35,766 - INFO - core - store_area: 891 / 896 (99.44%) match
2025-03-31 21:45:35,768 - INFO - core - items_available: 895 / 896 (99.89%) match
2025-03-31 21:45:35,770 - INFO - core - daily_customer_count: 896 / 896 (100.00%) match
2025-03-31 21:45:35,772 - INFO - core - store_sales: 894 / 896 (99.78%) match
2025-03-31 21:45:35,773 - INFO - core - df1 does not match df2
2025-03-31 21:45:35,773 - INFO - recon_engine - Reconciliation completed. Generating report...
2025-03-31 21:45:36,006 - INFO - recon_engine - Report generation completed successfully.
2025-03-31 21:45:36,006 - INFO - recon_main - ## Recon completed for Legacy_Store_File vs New_Store_DB in 320.43 ms ##
2025-03-31 21:45:36,007 - INFO - recon_main - ## Recon Engine Completed for All Configurations! ##
2025-03-31 21:46:20,926 - WARNING - fugue - Please note that you are missing the optional dependency: fugue. If you need to use this functionality it must be installed.
2025-03-31 21:46:21,415 - WARNING - sql - Please note that you are missing the optional dependency: spark. If you need to use this functionality it must be installed.
2025-03-31 21:46:21,418 - WARNING - snowflake - Please note that you are missing the optional dependency: snowflake. If you need to use this functionality it must be installed.
2025-03-31 21:46:21,742 - INFO - recon_main - ## Starting Recon Engine...! ##
2025-03-31 21:46:21,742 - INFO - config_loader - Loading configuration from resources/Recon_Driver_Config.xlsx...
2025-03-31 21:46:22,306 - INFO - config_loader - Successfully loaded 1 configuration rows.
2025-03-31 21:46:22,312 - INFO - recon_main - ## Starting reconciliation for Legacy_Store_File vs New_Store_DB ##
2025-03-31 21:46:22,332 - INFO - core - df1 does not Pandas.DataFrame.equals df2
2025-03-31 21:46:22,332 - INFO - core - Number of columns in common: 5
2025-03-31 21:46:22,333 - INFO - core - Number of columns in df1 and not in df2: 0
2025-03-31 21:46:22,333 - INFO - core - Number of columns in df2 and not in df1: 0
2025-03-31 21:46:22,373 - INFO - core - Number of rows in df1 and not in df2: 0
2025-03-31 21:46:22,373 - INFO - core - Number of rows in df2 and not in df1: 4
2025-03-31 21:46:22,374 - INFO - core - Number of rows in df1 and df2 (not necessarily equal): 896
2025-03-31 21:46:22,375 - INFO - core - store_id: 896 / 896 (100.00%) match
2025-03-31 21:46:22,378 - INFO - core - store_area: 891 / 896 (99.44%) match
2025-03-31 21:46:22,381 - INFO - core - items_available: 895 / 896 (99.89%) match
2025-03-31 21:46:22,383 - INFO - core - daily_customer_count: 896 / 896 (100.00%) match
2025-03-31 21:46:22,386 - INFO - core - store_sales: 894 / 896 (99.78%) match
2025-03-31 21:46:22,386 - INFO - core - df1 does not match df2
2025-03-31 21:46:22,387 - INFO - recon_engine - Reconciliation completed. Generating report...
2025-03-31 21:46:22,637 - INFO - recon_engine - Report generation completed successfully.
2025-03-31 21:46:22,638 - INFO - recon_main - ## Recon completed for Legacy_Store_File vs New_Store_DB in 324.57 ms ##
2025-03-31 21:46:22,638 - INFO - recon_main - ## Recon Engine Completed for All Configurations! ##
2025-03-31 21:59:51,680 - WARNING - fugue - Please note that you are missing the optional dependency: fugue. If you need to use this functionality it must be installed.
2025-03-31 21:59:52,536 - WARNING - sql - Please note that you are missing the optional dependency: spark. If you need to use this functionality it must be installed.
2025-03-31 21:59:52,538 - WARNING - snowflake - Please note that you are missing the optional dependency: snowflake. If you need to use this functionality it must be installed.
2025-03-31 21:59:53,058 - INFO - recon_main - ## Starting Recon Engine...! ##
2025-03-31 21:59:53,058 - INFO - config_loader - Loading configuration from resources/Recon_Driver_Config.xlsx...
2025-03-31 21:59:53,930 - INFO - config_loader - Successfully loaded 1 configuration rows.
2025-03-31 21:59:53,937 - INFO - recon_main - ## Starting reconciliation for Legacy_Store_File vs New_Store_DB ##
2025-03-31 21:59:53,938 - INFO - data_fetcher - Loading file resources/src_input_files/Stores.csv with extension .csv...
2025-03-31 21:59:53,946 - INFO - data_fetcher - Successfully loaded file: resources/src_input_files/Stores.csv
2025-03-31 21:59:53,947 - INFO - data_fetcher - Loading file resources/tgt_input_files/Stores_new.csv with extension .csv...
2025-03-31 21:59:53,951 - INFO - data_fetcher - Successfully loaded file: resources/tgt_input_files/Stores_new.csv
2025-03-31 21:59:53,961 - INFO - core - df1 does not Pandas.DataFrame.equals df2
2025-03-31 21:59:53,962 - INFO - core - Number of columns in common: 5
2025-03-31 21:59:53,962 - INFO - core - Number of columns in df1 and not in df2: 0
2025-03-31 21:59:53,962 - INFO - core - Number of columns in df2 and not in df1: 0
2025-03-31 21:59:54,003 - INFO - core - Number of rows in df1 and not in df2: 0
2025-03-31 21:59:54,003 - INFO - core - Number of rows in df2 and not in df1: 4
2025-03-31 21:59:54,005 - INFO - core - Number of rows in df1 and df2 (not necessarily equal): 896
2025-03-31 21:59:54,005 - INFO - core - store_id: 896 / 896 (100.00%) match
2025-03-31 21:59:54,009 - INFO - core - store_area: 891 / 896 (99.44%) match
2025-03-31 21:59:54,011 - INFO - core - items_available: 895 / 896 (99.89%) match
2025-03-31 21:59:54,014 - INFO - core - daily_customer_count: 896 / 896 (100.00%) match
2025-03-31 21:59:54,016 - INFO - core - store_sales: 894 / 896 (99.78%) match
2025-03-31 21:59:54,017 - INFO - core - df1 does not match df2
2025-03-31 21:59:54,017 - INFO - recon_engine - Reconciliation completed. Generating report...
2025-03-31 21:59:54,273 - INFO - recon_engine - Report generation completed successfully.
2025-03-31 21:59:54,273 - INFO - recon_main - ## Recon completed for Legacy_Store_File vs New_Store_DB in 335.42 ms ##
2025-03-31 21:59:54,274 - INFO - recon_main - ## Recon Engine Completed for All Configurations! ##
2025-03-31 22:06:32,850 - WARNING - fugue - Please note that you are missing the optional dependency: fugue. If you need to use this functionality it must be installed.
2025-03-31 22:06:33,606 - WARNING - sql - Please note that you are missing the optional dependency: spark. If you need to use this functionality it must be installed.
2025-03-31 22:06:33,608 - WARNING - snowflake - Please note that you are missing the optional dependency: snowflake. If you need to use this functionality it must be installed.
2025-03-31 22:06:34,395 - INFO - recon_main - ## Starting Recon Engine...! ##
2025-03-31 22:06:34,396 - INFO - config_loader - Loading configuration from resources/Recon_Driver_Config.xlsx...
2025-03-31 22:06:35,555 - INFO - config_loader - Successfully loaded 1 configuration rows.
2025-03-31 22:06:35,560 - INFO - recon_main - ## Starting reconciliation for Legacy_Store_File vs New_Store_DB ##
2025-03-31 22:06:35,561 - INFO - data_fetcher - Loading file resources/src_input_files/Stores.csv with extension .csv...
2025-03-31 22:06:35,570 - INFO - data_fetcher - Successfully loaded file: resources/src_input_files/Stores.csv
2025-03-31 22:06:35,571 - INFO - data_fetcher - Loading file resources/tgt_input_files/Stores_new.csv with extension .csv...
2025-03-31 22:06:35,575 - INFO - data_fetcher - Successfully loaded file: resources/tgt_input_files/Stores_new.csv
2025-03-31 22:06:35,586 - INFO - core - df1 does not Pandas.DataFrame.equals df2
2025-03-31 22:06:35,587 - INFO - core - Number of columns in common: 5
2025-03-31 22:06:35,587 - INFO - core - Number of columns in df1 and not in df2: 0
2025-03-31 22:06:35,587 - INFO - core - Number of columns in df2 and not in df1: 0
2025-03-31 22:06:35,642 - INFO - core - Number of rows in df1 and not in df2: 0
2025-03-31 22:06:35,643 - INFO - core - Number of rows in df2 and not in df1: 4
2025-03-31 22:06:35,644 - INFO - core - Number of rows in df1 and df2 (not necessarily equal): 896
2025-03-31 22:06:35,645 - INFO - core - store_id: 896 / 896 (100.00%) match
2025-03-31 22:06:35,651 - INFO - core - store_area: 891 / 896 (99.44%) match
2025-03-31 22:06:35,655 - INFO - core - items_available: 895 / 896 (99.89%) match
2025-03-31 22:06:35,658 - INFO - core - daily_customer_count: 896 / 896 (100.00%) match
2025-03-31 22:06:35,663 - INFO - core - store_sales: 894 / 896 (99.78%) match
2025-03-31 22:06:35,665 - INFO - core - df1 does not match df2
2025-03-31 22:06:35,665 - INFO - recon_engine - Reconciliation completed. Generating report...
2025-03-31 22:06:35,898 - INFO - recon_engine - Report generation completed successfully.
2025-03-31 22:06:35,899 - INFO - recon_main - ## Recon completed for Legacy_Store_File vs New_Store_DB in 338.49 ms ##
2025-03-31 22:06:35,899 - INFO - recon_main - ## Recon Engine Completed for All Configurations! ##
2025-03-31 22:30:12,994 - WARNING - fugue - Please note that you are missing the optional dependency: fugue. If you need to use this functionality it must be installed.
2025-03-31 22:30:14,891 - WARNING - sql - Please note that you are missing the optional dependency: spark. If you need to use this functionality it must be installed.
2025-03-31 22:30:14,893 - WARNING - snowflake - Please note that you are missing the optional dependency: snowflake. If you need to use this functionality it must be installed.
2025-03-31 22:32:53,847 - WARNING - fugue - Please note that you are missing the optional dependency: fugue. If you need to use this functionality it must be installed.
2025-03-31 22:32:54,606 - WARNING - sql - Please note that you are missing the optional dependency: spark. If you need to use this functionality it must be installed.
2025-03-31 22:32:54,615 - WARNING - snowflake - Please note that you are missing the optional dependency: snowflake. If you need to use this functionality it must be installed.
2025-03-31 22:32:56,968 - INFO - recon_main - ## Starting Recon Engine...! ##
2025-03-31 22:32:56,968 - INFO - config_loader - Loading configuration from resources/Recon_Driver_Config.xlsx...
2025-03-31 22:32:57,558 - INFO - config_loader - Successfully loaded 2 configuration rows.
2025-03-31 22:32:57,563 - INFO - recon_main - ## Starting reconciliation for Legacy_Store_File vs New_Store_DB ##
2025-03-31 22:32:57,565 - INFO - data_fetcher - Loading file resources/src_input_files/Stores.csv with extension .csv...
2025-03-31 22:32:57,605 - INFO - data_fetcher - Successfully loaded file: resources/src_input_files/Stores.csv
2025-03-31 22:32:57,606 - INFO - data_fetcher - Loading file resources/tgt_input_files/Stores_new.csv with extension .csv...
2025-03-31 22:32:57,634 - INFO - data_fetcher - Successfully loaded file: resources/tgt_input_files/Stores_new.csv
2025-03-31 22:32:57,645 - INFO - core - df1 does not Pandas.DataFrame.equals df2
2025-03-31 22:32:57,645 - INFO - core - Number of columns in common: 5
2025-03-31 22:32:57,646 - INFO - core - Number of columns in df1 and not in df2: 0
2025-03-31 22:32:57,646 - INFO - core - Number of columns in df2 and not in df1: 0
2025-03-31 22:32:57,689 - INFO - core - Number of rows in df1 and not in df2: 0
2025-03-31 22:32:57,689 - INFO - core - Number of rows in df2 and not in df1: 4
2025-03-31 22:32:57,690 - INFO - core - Number of rows in df1 and df2 (not necessarily equal): 896
2025-03-31 22:32:57,691 - INFO - core - store_id: 896 / 896 (100.00%) match
2025-03-31 22:32:57,693 - INFO - core - store_area: 891 / 896 (99.44%) match
2025-03-31 22:32:57,695 - INFO - core - items_available: 895 / 896 (99.89%) match
2025-03-31 22:32:57,697 - INFO - core - daily_customer_count: 896 / 896 (100.00%) match
2025-03-31 22:32:57,699 - INFO - core - store_sales: 894 / 896 (99.78%) match
2025-03-31 22:32:57,699 - INFO - core - df1 does not match df2
2025-03-31 22:32:57,700 - INFO - recon_engine - Reconciliation completed. Generating report...
2025-03-31 22:32:58,156 - INFO - recon_engine - Report generation completed successfully.
2025-03-31 22:32:58,157 - INFO - recon_main - ## Recon completed for Legacy_Store_File vs New_Store_DB in 593.36 ms ##
2025-03-31 22:32:58,157 - INFO - recon_main - ## Starting reconciliation for Legacy_Store_File1 vs New_Store_DB1 ##
2025-03-31 22:32:58,158 - INFO - data_fetcher - Loading file resources/src_input_files/Stores.csv with extension .csv...
2025-03-31 22:32:58,162 - INFO - data_fetcher - Successfully loaded file: resources/src_input_files/Stores.csv
2025-03-31 22:32:58,162 - INFO - data_fetcher - Loading file resources/tgt_input_files/Stores_new.csv with extension .csv...
2025-03-31 22:32:58,164 - INFO - data_fetcher - Successfully loaded file: resources/tgt_input_files/Stores_new.csv
2025-03-31 22:32:58,166 - INFO - core - df1 does not Pandas.DataFrame.equals df2
2025-03-31 22:32:58,166 - INFO - core - Number of columns in common: 5
2025-03-31 22:32:58,166 - INFO - core - Number of columns in df1 and not in df2: 0
2025-03-31 22:32:58,166 - INFO - core - Number of columns in df2 and not in df1: 0
2025-03-31 22:32:58,185 - INFO - core - Number of rows in df1 and not in df2: 0
2025-03-31 22:32:58,185 - INFO - core - Number of rows in df2 and not in df1: 4
2025-03-31 22:32:58,186 - INFO - core - Number of rows in df1 and df2 (not necessarily equal): 896
2025-03-31 22:32:58,187 - INFO - core - store_id: 896 / 896 (100.00%) match
2025-03-31 22:32:58,189 - INFO - core - store_area: 891 / 896 (99.44%) match
2025-03-31 22:32:58,192 - INFO - core - items_available: 895 / 896 (99.89%) match
2025-03-31 22:32:58,194 - INFO - core - daily_customer_count: 896 / 896 (100.00%) match
2025-03-31 22:32:58,196 - INFO - core - store_sales: 894 / 896 (99.78%) match
2025-03-31 22:32:58,196 - INFO - core - df1 does not match df2
2025-03-31 22:32:58,197 - INFO - recon_engine - Reconciliation completed. Generating report...
2025-03-31 22:32:58,225 - INFO - recon_engine - Report generation completed successfully.
2025-03-31 22:32:58,226 - INFO - recon_main - ## Recon completed for Legacy_Store_File1 vs New_Store_DB1 in 68.51 ms ##
2025-03-31 22:32:58,226 - INFO - recon_main - ## Recon Engine Completed for All Configurations! ##
